SF:lib/domain/use_cases/products/get_products_use_case.dart
DA:7,7
DA:9,12
DA:11,4
DA:13,4
DA:14,8
DA:16,1
DA:20,4
DA:24,16
DA:25,4
DA:26,4
DA:28,1
DA:32,2
DA:36,2
DA:37,2
DA:38,1
DA:39,1
DA:41,2
DA:42,6
DA:44,2
DA:48,1
DA:52,1
DA:59,2
DA:60,4
DA:61,1
DA:63,1
LF:25
LH:25
end_of_record
SF:lib/domain/use_cases/products/get_categories_use_case.dart
DA:6,7
DA:8,12
LF:2
LH:2
end_of_record
SF:lib/domain/models/parameterization/landing_parameterization_model.dart
DA:8,7
LF:1
LH:1
end_of_record
SF:lib/domain/use_cases/parameterization/get_parameterization_use_case.dart
DA:7,7
DA:9,7
DA:10,14
LF:3
LH:3
end_of_record
SF:lib/domain/models/parameterization/section_parameterization_model.dart
DA:7,0
LF:1
LH:0
end_of_record
SF:lib/domain/use_cases/user/register_user_use_case.dart
DA:7,3
DA:9,2
DA:10,4
LF:3
LH:3
end_of_record
SF:lib/domain/use_cases/user/login_user_use_case.dart
DA:7,3
DA:9,2
DA:10,4
LF:3
LH:3
end_of_record
SF:lib/domain/models/cart/cart_app_model.dart
DA:8,8
LF:1
LH:1
end_of_record
SF:lib/domain/use_cases/cart/update_oder_form_use_case.dart
DA:7,4
DA:9,1
DA:10,2
LF:3
LH:3
end_of_record
SF:lib/domain/use_cases/cart/get_order_form_use_case.dart
DA:7,7
DA:8,18
LF:2
LH:2
end_of_record
SF:lib/domain/use_cases/cart/append_order_form_use_case.dart
DA:7,3
DA:9,2
DA:10,4
LF:3
LH:3
end_of_record
SF:lib/domain/provider/checkout_screen_provider.dart
DA:14,3
DA:15,9
DA:16,9
DA:19,3
DA:20,9
DA:21,3
DA:22,3
DA:25,1
DA:27,6
DA:28,2
DA:29,1
DA:30,1
DA:33,1
DA:35,6
DA:37,2
DA:38,2
DA:39,1
DA:40,1
DA:42,0
DA:46,1
DA:47,6
DA:48,1
DA:49,1
DA:52,0
DA:53,0
DA:54,0
DA:55,0
DA:58,3
DA:59,3
DA:60,6
DA:61,3
DA:62,15
DA:67,0
DA:68,0
LF:34
LH:27
end_of_record
SF:lib/domain/provider/main_screen_provider.dart
DA:13,6
DA:17,18
DA:18,18
DA:19,18
DA:20,12
DA:21,6
DA:22,6
DA:42,1
DA:43,2
DA:44,1
DA:45,1
DA:49,6
DA:50,18
DA:53,3
DA:54,3
DA:55,3
DA:56,3
DA:59,3
DA:60,9
DA:61,6
DA:62,6
DA:63,3
DA:64,6
DA:65,6
DA:68,3
DA:69,6
DA:71,6
DA:72,3
DA:76,3
DA:77,3
DA:78,6
DA:79,3
DA:82,3
DA:83,9
DA:85,6
DA:87,3
DA:90,4
DA:91,8
DA:92,4
DA:93,4
DA:94,4
DA:95,12
DA:98,4
DA:101,1
DA:102,1
DA:103,3
DA:104,1
DA:107,0
DA:108,0
LF:49
LH:47
end_of_record
SF:lib/presentation/widgets/backgrounds/empty_background_widget.dart
DA:5,6
DA:7,3
LF:2
LH:2
end_of_record
SF:lib/config/navigation/custom_route.dart
DA:12,3
DA:18,3
DA:20,3
DA:21,6
DA:29,2
DA:34,2
DA:36,2
DA:37,4
DA:41,2
DA:44,2
DA:46,5
DA:53,5
DA:58,5
DA:59,2
DA:60,4
DA:64,4
DA:68,2
DA:69,3
DA:70,2
LF:19
LH:19
end_of_record
SF:lib/domain/provider/login_screen_provider.dart
DA:7,2
DA:8,6
DA:15,1
DA:18,1
DA:19,1
DA:20,2
DA:22,1
DA:23,1
DA:24,1
DA:27,1
DA:28,1
DA:29,1
LF:12
LH:12
end_of_record
SF:lib/domain/provider/sign_up_screen_provider.dart
DA:11,2
DA:12,6
DA:17,1
DA:20,1
DA:21,1
DA:22,1
DA:23,1
DA:24,1
DA:25,3
DA:26,1
DA:31,1
DA:32,1
DA:33,2
DA:35,1
DA:36,1
DA:37,1
DA:40,1
DA:41,1
DA:42,1
LF:19
LH:19
end_of_record
SF:lib/domain/models/mappers/product_app_model_mapper.dart
DA:5,3
DA:9,3
DA:10,6
DA:11,3
DA:12,3
DA:13,3
DA:14,3
DA:15,3
DA:16,3
DA:17,3
DA:18,6
DA:19,6
DA:21,3
DA:22,3
LF:14
LH:14
end_of_record
SF:lib/domain/models/mappers/product_app_widget_model_mapper.dart
DA:5,3
DA:8,3
DA:9,6
DA:10,3
DA:11,3
DA:12,3
DA:13,3
DA:14,3
DA:16,3
DA:17,0
LF:10
LH:9
end_of_record
SF:lib/domain/models/user/user_params_model.dart
DA:9,1
LF:1
LH:1
end_of_record
SF:lib/domain/provider/detail_screen_provider.dart
DA:15,2
DA:16,6
DA:17,6
DA:20,2
DA:21,2
DA:22,2
DA:25,1
DA:26,2
DA:27,1
DA:30,2
DA:31,4
DA:32,14
DA:33,2
LF:13
LH:13
end_of_record
SF:lib/presentation/delegates/search_product_delegate.dart
DA:11,1
DA:14,1
DA:20,1
DA:22,1
DA:23,1
DA:24,1
DA:25,0
DA:26,0
DA:27,2
DA:31,1
DA:33,1
DA:34,0
DA:38,0
DA:40,0
DA:41,0
DA:42,0
DA:43,0
DA:45,0
DA:46,0
DA:48,0
DA:49,0
DA:57,1
DA:59,1
DA:60,1
DA:61,1
DA:63,1
DA:64,1
DA:65,1
DA:66,0
LF:29
LH:16
end_of_record
SF:lib/presentation/widgets/backgrounds/empty_results_widget.dart
DA:6,6
DA:8,0
LF:2
LH:1
end_of_record
SF:lib/presentation/pages/catalog_page.dart
DA:12,3
DA:14,3
DA:16,3
DA:18,3
DA:19,3
DA:23,3
DA:27,1
DA:28,2
DA:29,0
DA:35,3
DA:36,3
DA:37,6
DA:38,12
DA:39,3
DA:40,6
DA:41,6
DA:42,0
DA:45,1
DA:46,2
LF:19
LH:17
end_of_record
SF:lib/presentation/pages/home_page.dart
DA:14,3
DA:16,3
DA:18,6
DA:19,3
DA:21,3
DA:22,3
DA:23,6
DA:24,3
DA:25,3
DA:39,2
DA:40,2
DA:55,3
DA:56,3
DA:57,2
DA:58,3
DA:59,3
DA:60,3
DA:62,3
DA:63,2
DA:65,3
DA:68,3
DA:69,2
DA:71,6
DA:72,3
DA:73,6
DA:75,3
DA:76,3
DA:77,6
DA:78,2
DA:88,3
DA:89,3
DA:90,2
DA:91,3
DA:92,3
DA:93,3
DA:95,3
DA:96,2
DA:98,3
DA:101,3
DA:102,2
DA:104,6
DA:105,9
DA:107,3
DA:108,3
DA:109,6
DA:110,2
LF:46
LH:46
end_of_record
SF:lib/presentation/widgets/containers/carrousel_container_widget.dart
DA:7,3
DA:10,3
DA:12,3
DA:14,3
DA:16,6
DA:17,6
DA:18,6
DA:19,5
LF:8
LH:8
end_of_record
SF:lib/presentation/widgets/extensions/color_extension.dart
DA:4,3
DA:6,0
DA:7,0
DA:8,0
DA:10,3
LF:5
LH:2
end_of_record
SF:lib/presentation/widgets/generics/progress_indicator_widget.dart
DA:4,6
DA:6,3
LF:2
LH:2
end_of_record
SF:lib/presentation/screens/checkout_screen.dart
DA:5,7
DA:7,3
LF:2
LH:2
end_of_record
SF:lib/presentation/widgets/containers/checkout_container_widget.dart
DA:12,6
DA:14,3
DA:17,3
DA:18,3
DA:19,3
DA:20,3
DA:21,3
DA:22,0
DA:23,0
DA:24,0
DA:26,3
DA:27,3
DA:34,3
DA:35,6
DA:36,9
DA:37,3
DA:39,3
DA:40,3
DA:41,3
DA:42,1
DA:43,1
DA:44,1
DA:45,1
DA:46,0
DA:47,0
DA:48,0
DA:50,2
DA:51,3
LF:28
LH:22
end_of_record
SF:lib/presentation/screens/detail_screen.dart
DA:7,2
DA:9,2
DA:11,4
LF:3
LH:3
end_of_record
SF:lib/presentation/widgets/containers/product_detail_container_widget.dart
DA:12,2
DA:14,2
DA:16,2
DA:17,2
DA:18,4
DA:19,2
DA:20,2
DA:26,2
DA:27,2
DA:28,4
DA:29,2
DA:33,4
DA:36,2
DA:37,2
DA:39,2
DA:40,2
DA:41,4
DA:42,2
DA:44,2
DA:45,4
DA:46,1
DA:47,2
DA:48,2
DA:49,2
DA:50,2
DA:51,2
DA:53,1
DA:55,2
LF:28
LH:28
end_of_record
SF:lib/presentation/screens/login_screen.dart
DA:10,2
DA:15,2
DA:17,2
DA:18,2
DA:19,2
DA:21,2
DA:22,2
DA:23,2
LF:8
LH:8
end_of_record
SF:lib/presentation/widgets/backgrounds/main_background_widget.dart
DA:5,18
DA:7,3
DA:9,3
DA:10,3
DA:18,3
DA:21,3
LF:6
LH:6
end_of_record
SF:lib/presentation/widgets/containers/login_container_widget.dart
DA:14,2
DA:19,2
DA:22,2
DA:23,2
DA:24,2
DA:25,2
DA:26,2
DA:28,2
DA:30,2
DA:37,2
DA:38,2
DA:41,4
DA:57,2
DA:58,4
DA:62,4
DA:71,3
DA:72,1
DA:73,1
DA:74,2
DA:76,1
DA:77,1
DA:78,1
LF:22
LH:22
end_of_record
SF:lib/presentation/screens/main_screen.dart
DA:7,3
DA:9,3
DA:11,6
LF:3
LH:3
end_of_record
SF:lib/presentation/widgets/containers/main_container_widget.dart
DA:13,3
DA:15,3
DA:17,6
DA:18,3
DA:19,3
DA:20,3
DA:22,3
DA:23,3
DA:26,3
DA:27,6
DA:29,3
DA:30,6
DA:31,3
DA:33,3
DA:34,3
DA:50,3
DA:51,3
DA:52,2
DA:54,9
DA:57,3
DA:58,3
DA:60,6
DA:61,3
DA:69,3
DA:70,6
LF:25
LH:25
end_of_record
SF:lib/presentation/screens/sign_up_screen.dart
DA:10,2
DA:15,2
DA:17,2
DA:18,2
DA:19,2
DA:21,2
DA:22,2
DA:23,2
LF:8
LH:8
end_of_record
SF:lib/presentation/screens/splash_screen.dart
DA:12,1
DA:18,1
DA:20,1
DA:21,2
DA:23,1
DA:24,1
DA:25,1
DA:26,1
LF:8
LH:8
end_of_record
SF:lib/presentation/screens/support_screen.dart
DA:6,6
DA:8,0
DA:10,0
DA:19,0
DA:20,0
DA:27,0
DA:29,0
LF:7
LH:1
end_of_record
SF:lib/presentation/widgets/containers/sign_up_container_widget.dart
DA:15,2
DA:20,2
DA:23,2
DA:24,2
DA:25,2
DA:26,2
DA:27,2
DA:28,2
DA:30,2
DA:32,2
DA:39,2
DA:41,2
DA:43,2
DA:58,2
DA:59,4
DA:61,4
DA:71,3
DA:72,1
DA:73,1
DA:74,1
DA:75,1
DA:76,1
DA:77,1
DA:78,1
DA:79,2
DA:81,1
DA:82,1
DA:83,1
LF:28
LH:28
end_of_record
SF:lib/presentation/widgets/containers/splash_container_widget.dart
DA:13,1
DA:19,1
DA:21,1
DA:22,1
DA:24,1
DA:26,1
DA:52,1
DA:54,1
DA:56,2
DA:58,1
DA:59,1
DA:81,1
DA:83,1
DA:85,2
DA:87,1
DA:88,1
LF:16
LH:16
end_of_record
SF:lib/presentation/widgets/generics/custom_toast_widget.dart
DA:8,6
DA:9,18
DA:12,2
DA:14,4
DA:17,2
DA:19,6
DA:20,2
DA:21,4
LF:8
LH:8
end_of_record
SF:lib/presentation/widgets/generics/custom_drawer_widget.dart
DA:11,6
DA:13,1
DA:15,1
DA:16,1
DA:17,1
DA:18,1
DA:24,1
DA:30,0
DA:31,0
DA:33,1
DA:34,1
DA:36,1
DA:42,0
DA:44,0
DA:46,0
DA:48,0
LF:16
LH:10
end_of_record
